[ERROR Sep  2 11:31:00.174910900, defaults.go:149] Could not load configuration: Failed to load configuration.

Stacktrace: D:/a/cli/cli/internal/logging/logging.go:github.com/ActiveState/cli/internal/logging.Error:258
D:/a/cli/cli/internal/logging/defaults.go:github.com/ActiveState/cli/internal/logging.init.0:149
C:/hostedtoolcache/windows/go/1.15.15/x64/src/runtime/proc.go:runtime.doInit:5652
C:/hostedtoolcache/windows/go/1.15.15/x64/src/runtime/proc.go:runtime.doInit:5647
C:/hostedtoolcache/windows/go/1.15.15/x64/src/runtime/proc.go:runtime.doInit:5647
C:/hostedtoolcache/windows/go/1.15.15/x64/src/runtime/proc.go:runtime.main:191
C:/hostedtoolcache/windows/go/1.15.15/x64/src/runtime/asm_amd64.s:runtime.goexit:1374

[DEBUG Sep  2 11:31:00.177901800, defaults.go:178] Args: [C:\Users\zalet\AppData\Roaming\ActiveState\bin\state.exe show --output editor]
[DEBUG Sep  2 11:31:00.178899100, locale.go:34] Init
[DEBUG Sep  2 11:31:00.230760500, secrets.go:35] Gcloud Secretmanager failed to initialize (ignore if you're not trying to use gcloud): google: could not find default credentials. See https://developers.google.com/accounts/docs/application-default-credentials for more information.
[DEBUG Sep  2 11:31:00.236745700, output.go:52] Requested outputer for editor
[DEBUG Sep  2 11:31:00.237742400, output.go:69] Using Editor outputer
[DEBUG Sep  2 11:31:00.237742400, main.go:120] ConfigPath: C:\Users\zalet\AppData\Roaming\activestate\cli-release
[DEBUG Sep  2 11:31:00.237742400, main.go:121] CachePath: C:\Users\zalet\AppData\Local\activestate
[DEBUG Sep  2 11:31:00.237742400, subshell.go:103] Detected SHELL: cmd
[DEBUG Sep  2 11:31:00.238739800, subshell.go:135] Using binary: C:\Windows\System32\cmd.exe
[DEBUG Sep  2 11:31:00.238739800, secrets.go:61] secrets-api scheme=https host=platform.activestate.com base_path=/api/secrets/v1
[DEBUG Sep  2 11:31:00.240733200, secrets.go:61] secrets-api scheme=https host=platform.activestate.com base_path=/api/secrets/v1
[DEBUG Sep  2 11:31:00.241730400, check.go:35] Checking for updates.
[DEBUG Sep  2 11:31:00.241730400, updater.go:300] Fetching update URL: https://platform.activestate.com/sv/state-update/api/v1/info/legacy?channel=release&platform=windows&source=update
[DEBUG Sep  2 11:31:01.252656400, check.go:49] Automatically checking for updates timed out
[DEBUG Sep  2 11:31:01.252656400, deprecation.go:198] Using cached deprecation information
[DEBUG Sep  2 11:31:01.262573500, analytics.go:293] Sending S3 pixel event with: run-command, show, 
[DEBUG Sep  2 11:31:01.262573500, analytics.go:270] Sending Google Analytics event with: run-command, show, 
[DEBUG Sep  2 11:31:01.262573500, cmdcall.go:47] cmdcall
[DEBUG Sep  2 11:31:01.262573500, analytics.go:311] Using S3 pixel URL: %!(EXTRA string=https://state-tool.s3.amazonaws.com/pixel?x-action=show&x-category=run-command&x-custom10=&x-custom11=&x-custom12=6b04cc3f-3e4f-4a41-84f8-d7dee159b821&x-custom13=&x-custom2=0.28.5-SHA2926a80&x-custom3=release&x-custom4=&x-custom5=editor&x-custom6=Windows&x-custom7=10.0.19042&x-custom8=&x-custom9=ff91510d-3be7-4261-8299-58e6a483b646&x-label=)
[DEBUG Sep  2 11:31:01.262573500, show.go:131] Execute show
[DEBUG Sep  2 11:31:01.262573500, analytics.go:293] Sending S3 pixel event with: command-exit, show, 1
[DEBUG Sep  2 11:31:01.262573500, analytics.go:270] Sending Google Analytics event with: command-exit, show, 1
[DEBUG Sep  2 11:31:01.262573500, analytics.go:311] Using S3 pixel URL: %!(EXTRA string=https://state-tool.s3.amazonaws.com/pixel?x-action=show&x-category=command-exit&x-custom10=&x-custom11=&x-custom12=6b04cc3f-3e4f-4a41-84f8-d7dee159b821&x-custom13=&x-custom2=0.28.5-SHA2926a80&x-custom3=release&x-custom4=&x-custom5=editor&x-custom6=Windows&x-custom7=10.0.19042&x-custom8=&x-custom9=ff91510d-3be7-4261-8299-58e6a483b646&x-label=1)
[DEBUG Sep  2 11:31:01.810260700, errors.go:97] Returning input error:
To run this command you need to be in an existing project. You can create a new project with [ACTIONABLE]state init[/RESET] or run this command from a directory that is in an existing project. You can also mark a project as the default to use by running [ACTIONABLE]`state activate --default`[/RESET] inside your project directory.
Created at:
D:/a/cli/cli/internal/runners/show/show.go:github.com/ActiveState/cli/internal/runners/show.(*Show).Run:164
D:/a/cli/cli/cmd/state/internal/cmdtree/show.go:github.com/ActiveState/cli/cmd/state/internal/cmdtree.newShowCommand.func1:30
D:/a/cli/cli/cmd/state/internal/cmdtree/cmdtree.go:github.com/ActiveState/cli/cmd/state/internal/cmdtree.interceptAddHeadlessNotify.func1.1:329
D:/a/cli/cli/cmd/state/internal/cmdtree/intercepts/cmdcall/cmdcall.go:github.com/ActiveState/cli/cmd/state/internal/cmdtree/intercepts/cmdcall.(*CmdCall).InterceptExec.func1:33
D:/a/cli/cli/internal/captain/command.go:github.com/ActiveState/cli/internal/captain.(*Command).runner.func1:531
D:/a/cli/cli/internal/sighandler/awaiting.go:github.com/ActiveState/cli/internal/sighandler.(*sigHandler).WaitForFunc.func1:46
C:/hostedtoolcache/windows/go/1.15.15/x64/src/runtime/asm_amd64.s:runtime.goexit:1374
